19:39:00.510 [main] INFO  java.lang.Class - Login Button Has been clicked
19:39:11.085 [main] INFO  java.lang.Class - Application Launched
19:39:11.485 [main] INFO  java.lang.Class - Home Label is Displayed
19:39:11.546 [main] INFO  java.lang.Class - Courses Label is Displayed
19:39:11.602 [main] INFO  java.lang.Class - Videos Label is Displayed
19:39:11.650 [main] INFO  java.lang.Class - Interview Guide Label is Displayed
19:39:11.700 [main] INFO  java.lang.Class - Practice Label is Displayed
19:39:11.792 [main] INFO  java.lang.Class - Blog Label is Displayed
19:39:11.859 [main] INFO  java.lang.Class - About Label is Displayed
19:39:11.908 [main] INFO  java.lang.Class - Contact Label is Displayed
19:39:20.047 [main] INFO  java.lang.Class - Application Launched
19:39:20.124 [main] INFO  java.lang.Class - AN ACADEMY TO LEARN EVERYTHING ABOUT TESTING
19:41:04.995 [main] INFO  java.lang.Class - Application Launched
19:41:16.996 [main] INFO  java.lang.Class - Navigated to Login Screen
19:41:17.315 [main] INFO  java.lang.Class - Email Address Entered
19:41:17.634 [main] INFO  java.lang.Class - Password entered
19:41:23.726 [main] INFO  java.lang.Class - Login Button Has been clicked
19:41:27.354 [main] INFO  java.lang.Class - Application Launched
19:41:35.301 [main] INFO  java.lang.Class - Navigated to Login Screen
19:41:35.502 [main] INFO  java.lang.Class - Email Address Entered
19:41:35.639 [main] INFO  java.lang.Class - Password entered
19:41:38.747 [main] INFO  java.lang.Class - Login Button Has been clicked
19:41:47.551 [main] INFO  java.lang.Class - Application Launched
19:41:47.928 [main] INFO  java.lang.Class - Home Label is Displayed
19:41:47.999 [main] INFO  java.lang.Class - Courses Label is Displayed
19:41:48.056 [main] INFO  java.lang.Class - Videos Label is Displayed
19:41:48.137 [main] INFO  java.lang.Class - Interview Guide Label is Displayed
19:41:48.196 [main] INFO  java.lang.Class - Practice Label is Displayed
19:41:48.274 [main] INFO  java.lang.Class - Blog Label is Displayed
19:41:48.315 [main] INFO  java.lang.Class - About Label is Displayed
19:41:48.363 [main] INFO  java.lang.Class - Contact Label is Displayed
19:41:55.894 [main] INFO  java.lang.Class - Application Launched
19:41:55.966 [main] INFO  java.lang.Class - AN ACADEMY TO LEARN EVERYTHING ABOUT TESTING
19:45:48.787 [main] INFO  java.lang.Class - Application Launched
19:45:58.084 [main] INFO  java.lang.Class - Navigated to Login Screen
19:45:58.341 [main] INFO  java.lang.Class - Email Address Entered
19:45:58.532 [main] INFO  java.lang.Class - Password entered
19:46:02.248 [main] INFO  java.lang.Class - Login Button Has been clicked
19:46:04.744 [main] INFO  java.lang.Class - Application Launched
19:46:09.149 [main] INFO  java.lang.Class - Navigated to Login Screen
19:46:09.347 [main] INFO  java.lang.Class - Email Address Entered
19:46:09.529 [main] INFO  java.lang.Class - Password entered
19:46:12.347 [main] INFO  java.lang.Class - Login Button Has been clicked
19:46:21.203 [main] INFO  java.lang.Class - Application Launched
19:46:21.408 [main] INFO  java.lang.Class - Home Label is Displayed
19:46:21.556 [main] INFO  java.lang.Class - Courses Label is Displayed
19:46:21.669 [main] INFO  java.lang.Class - Videos Label is Displayed
19:46:21.754 [main] INFO  java.lang.Class - Interview Guide Label is Displayed
19:46:21.834 [main] INFO  java.lang.Class - Practice Label is Displayed
19:46:21.895 [main] INFO  java.lang.Class - Blog Label is Displayed
19:46:21.962 [main] INFO  java.lang.Class - About Label is Displayed
19:46:22.030 [main] INFO  java.lang.Class - Contact Label is Displayed
19:46:29.401 [main] INFO  java.lang.Class - Application Launched
19:46:29.456 [main] INFO  java.lang.Class - AN ACADEMY TO LEARN EVERYTHING ABOUT TESTING
19:48:41.431 [main] INFO  java.lang.Class - Application Launched
19:48:50.778 [main] INFO  java.lang.Class - Navigated to Login Screen
19:48:51.092 [main] INFO  java.lang.Class - Email Address Entered
19:48:51.270 [main] INFO  java.lang.Class - Password entered
19:48:56.010 [main] INFO  java.lang.Class - Login Button Has been clicked
19:48:59.700 [main] INFO  java.lang.Class - Application Launched
19:49:07.270 [main] INFO  java.lang.Class - Navigated to Login Screen
19:49:07.542 [main] INFO  java.lang.Class - Email Address Entered
19:49:07.678 [main] INFO  java.lang.Class - Password entered
19:49:10.096 [main] INFO  java.lang.Class - Login Button Has been clicked
19:49:19.329 [main] INFO  java.lang.Class - Application Launched
19:49:19.788 [main] INFO  java.lang.Class - Home Label is Displayed
19:49:19.865 [main] INFO  java.lang.Class - Courses Label is Displayed
19:49:19.941 [main] INFO  java.lang.Class - Videos Label is Displayed
19:49:19.999 [main] INFO  java.lang.Class - Interview Guide Label is Displayed
19:49:20.070 [main] INFO  java.lang.Class - Practice Label is Displayed
19:49:20.120 [main] INFO  java.lang.Class - Blog Label is Displayed
