01:43:55.411 [main] INFO  java.lang.Class - Contact Label is Displayed
01:44:13.058 [main] INFO  java.lang.Class - Application Launched
01:44:13.124 [main] INFO  java.lang.Class - AN ACADEMY TO LEARN EVERYTHING ABOUT TESTING
01:52:48.274 [main] INFO  java.lang.Class - Application Launched
01:52:59.485 [main] INFO  java.lang.Class - Navigated to Login Screen
01:52:59.800 [main] INFO  java.lang.Class - Email Address Entered
01:52:59.989 [main] INFO  java.lang.Class - Password entered
01:53:02.802 [main] INFO  java.lang.Class - Login Button Has been clicked
01:53:12.388 [main] INFO  java.lang.Class - Application Launched
01:53:21.990 [main] INFO  java.lang.Class - Navigated to Login Screen
01:53:22.220 [main] INFO  java.lang.Class - Email Address Entered
01:53:22.445 [main] INFO  java.lang.Class - Password entered
01:53:26.303 [main] INFO  java.lang.Class - Login Button Has been clicked
01:53:48.968 [main] INFO  java.lang.Class - Application Launched
01:53:50.054 [main] INFO  java.lang.Class - Home Label is Displayed
01:53:50.115 [main] INFO  java.lang.Class - Courses Label is Displayed
01:53:50.175 [main] INFO  java.lang.Class - Videos Label is Displayed
01:53:50.233 [main] INFO  java.lang.Class - Interview Guide Label is Displayed
01:53:50.281 [main] INFO  java.lang.Class - Practice Label is Displayed
01:53:50.338 [main] INFO  java.lang.Class - Blog Label is Displayed
01:53:50.394 [main] INFO  java.lang.Class - About Label is Displayed
01:53:50.437 [main] INFO  java.lang.Class - Contact Label is Displayed
01:54:12.202 [main] INFO  java.lang.Class - Application Launched
01:54:12.371 [main] INFO  java.lang.Class - AN ACADEMY TO LEARN EVERYTHING ABOUT TESTING
01:58:45.043 [main] INFO  java.lang.Class - Application Launched
01:58:55.922 [main] INFO  java.lang.Class - Navigated to Login Screen
01:58:56.292 [main] INFO  java.lang.Class - Email Address Entered
01:58:56.405 [main] INFO  java.lang.Class - Password entered
01:59:02.499 [main] INFO  java.lang.Class - Login Button Has been clicked
01:59:10.495 [main] INFO  java.lang.Class - Application Launched
01:59:19.087 [main] INFO  java.lang.Class - Navigated to Login Screen
01:59:19.277 [main] INFO  java.lang.Class - Email Address Entered
01:59:19.394 [main] INFO  java.lang.Class - Password entered
01:59:22.587 [main] INFO  java.lang.Class - Login Button Has been clicked
01:59:44.350 [main] INFO  java.lang.Class - Application Launched
01:59:44.836 [main] INFO  java.lang.Class - Home Label is Displayed
01:59:44.892 [main] INFO  java.lang.Class - Courses Label is Displayed
01:59:44.956 [main] INFO  java.lang.Class - Videos Label is Displayed
01:59:45.031 [main] INFO  java.lang.Class - Interview Guide Label is Displayed
01:59:45.083 [main] INFO  java.lang.Class - Practice Label is Displayed
01:59:45.141 [main] INFO  java.lang.Class - Blog Label is Displayed
01:59:45.203 [main] INFO  java.lang.Class - About Label is Displayed
01:59:45.255 [main] INFO  java.lang.Class - Contact Label is Displayed
01:59:53.209 [main] INFO  java.lang.Class - Application Launched
02:01:37.331 [main] INFO  java.lang.Class - Application Launched
02:01:44.231 [main] INFO  java.lang.Class - Navigated to Login Screen
02:01:44.587 [main] INFO  java.lang.Class - Email Address Entered
02:01:44.691 [main] INFO  java.lang.Class - Password entered
02:01:47.023 [main] INFO  java.lang.Class - Login Button Has been clicked
02:01:48.840 [main] INFO  java.lang.Class - Application Launched
02:01:51.790 [main] INFO  java.lang.Class - Navigated to Login Screen
02:01:51.941 [main] INFO  java.lang.Class - Email Address Entered
02:01:52.053 [main] INFO  java.lang.Class - Password entered
02:01:53.799 [main] INFO  java.lang.Class - Login Button Has been clicked
02:02:07.342 [main] INFO  java.lang.Class - Application Launched
02:02:07.440 [main] INFO  java.lang.Class - Home Label is Displayed
02:02:07.494 [main] INFO  java.lang.Class - Courses Label is Displayed
02:02:07.551 [main] INFO  java.lang.Class - Videos Label is Displayed
02:02:07.602 [main] INFO  java.lang.Class - Interview Guide Label is Displayed
02:02:07.693 [main] INFO  java.lang.Class - Practice Label is Displayed
02:02:07.752 [main] INFO  java.lang.Class - Blog Label is Displayed
02:02:07.796 [main] INFO  java.lang.Class - About Label is Displayed
02:02:07.839 [main] INFO  java.lang.Class - Contact Label is Displayed
02:02:23.280 [main] INFO  java.lang.Class - Application Launched
02:02:23.340 [main] INFO  java.lang.Class - AN ACADEMY TO LEARN EVERYTHING ABOUT TESTING
